[16-Dec-2025 01:31:45 UTC] PHP Deprecated:  Freemius::maybe_activate_bundle_license(): Implicitly marking parameter $license as nullable is deprecated, the explicit nullable type must be used instead in /home/nowydwor/public_html/hotelnowydwor.eu-new/wp-content/plugins/erropix-hydrogen-pack/vendor/freemius/wordpress-sdk/includes/class-freemius.php on line 8038
[16-Dec-2025 01:31:45 UTC] PHP Deprecated:  Freemius::set_license(): Implicitly marking parameter $license as nullable is deprecated, the explicit nullable type must be used instead in /home/nowydwor/public_html/hotelnowydwor.eu-new/wp-content/plugins/erropix-hydrogen-pack/vendor/freemius/wordpress-sdk/includes/class-freemius.php on line 12666
[16-Dec-2025 01:31:45 UTC] PHP Deprecated:  Freemius::switch_to_blog(): Implicitly marking parameter $install as nullable is deprecated, the explicit nullable type must be used instead in /home/nowydwor/public_html/hotelnowydwor.eu-new/wp-content/plugins/erropix-hydrogen-pack/vendor/freemius/wordpress-sdk/includes/class-freemius.php on line 15873
[16-Dec-2025 01:31:45 UTC] PHP Deprecated:  Freemius::_activate_addon_account(): Implicitly marking parameter $bundle_license as nullable is deprecated, the explicit nullable type must be used instead in /home/nowydwor/public_html/hotelnowydwor.eu-new/wp-content/plugins/erropix-hydrogen-pack/vendor/freemius/wordpress-sdk/includes/class-freemius.php on line 18345
[16-Dec-2025 01:31:45 UTC] PHP Deprecated:  Freemius::_store_site(): Implicitly marking parameter $site as nullable is deprecated, the explicit nullable type must be used instead in /home/nowydwor/public_html/hotelnowydwor.eu-new/wp-content/plugins/erropix-hydrogen-pack/vendor/freemius/wordpress-sdk/includes/class-freemius.php on line 19903
[16-Dec-2025 01:31:46 UTC] PHP Deprecated:  strpos(): Passing null to parameter #1 ($haystack) of type string is deprecated in /home/nowydwor/public_html/hotelnowydwor.eu-new/wp-includes/functions.php on line 7374
[16-Dec-2025 01:31:46 UTC] PHP Deprecated:  str_replace(): Passing null to parameter #3 ($subject) of type array|string is deprecated in /home/nowydwor/public_html/hotelnowydwor.eu-new/wp-includes/functions.php on line 2196
[16-Dec-2025 01:31:46 UTC] PHP Deprecated:  strpos(): Passing null to parameter #1 ($haystack) of type string is deprecated in /home/nowydwor/public_html/hotelnowydwor.eu-new/wp-includes/functions.php on line 7374
[16-Dec-2025 01:31:46 UTC] PHP Deprecated:  str_replace(): Passing null to parameter #3 ($subject) of type array|string is deprecated in /home/nowydwor/public_html/hotelnowydwor.eu-new/wp-includes/functions.php on line 2196
[16-Dec-2025 01:31:46 UTC] PHP Deprecated:  strpos(): Passing null to parameter #1 ($haystack) of type string is deprecated in /home/nowydwor/public_html/hotelnowydwor.eu-new/wp-includes/functions.php on line 7374
[16-Dec-2025 01:31:46 UTC] PHP Deprecated:  str_replace(): Passing null to parameter #3 ($subject) of type array|string is deprecated in /home/nowydwor/public_html/hotelnowydwor.eu-new/wp-includes/functions.php on line 2196
[16-Dec-2025 01:31:46 UTC] PHP Deprecated:  strpos(): Passing null to parameter #1 ($haystack) of type string is deprecated in /home/nowydwor/public_html/hotelnowydwor.eu-new/wp-includes/functions.php on line 7374
[16-Dec-2025 01:31:46 UTC] PHP Deprecated:  str_replace(): Passing null to parameter #3 ($subject) of type array|string is deprecated in /home/nowydwor/public_html/hotelnowydwor.eu-new/wp-includes/functions.php on line 2196
[16-Dec-2025 01:31:46 UTC] PHP Deprecated:  YoastSEO_Vendor\League\OAuth2\Client\Provider\AbstractProvider::authorize(): Implicitly marking parameter $redirectHandler as nullable is deprecated, the explicit nullable type must be used instead in /home/nowydwor/public_html/hotelnowydwor.eu-new/wp-content/plugins/wordpress-seo/vendor_prefixed/league/oauth2-client/src/Provider/AbstractProvider.php on line 416
[16-Dec-2025 01:31:46 UTC] PHP Deprecated:  YoastSEO_Vendor\GuzzleHttp\Client::getConfig(): Implicitly marking parameter $option as nullable is deprecated, the explicit nullable type must be used instead in /home/nowydwor/public_html/hotelnowydwor.eu-new/wp-content/plugins/wordpress-seo/vendor_prefixed/guzzlehttp/guzzle/src/Client.php on line 181
[16-Dec-2025 01:31:46 UTC] PHP Deprecated:  YoastSEO_Vendor\GuzzleHttp\ClientInterface::getConfig(): Implicitly marking parameter $option as nullable is deprecated, the explicit nullable type must be used instead in /home/nowydwor/public_html/hotelnowydwor.eu-new/wp-content/plugins/wordpress-seo/vendor_prefixed/guzzlehttp/guzzle/src/ClientInterface.php on line 77
[16-Dec-2025 01:31:47 UTC] PHP Warning:  preg_replace(): Compilation failed: unrecognized character after (? or (?- at offset 10 in /home/nowydwor/public_html/hotelnowydwor.eu-new/wp-content/mu-plugins/oxygen-image-alt-fix.php on line 173
[16-Dec-2025 01:31:47 UTC] PHP Deprecated:  addcslashes(): Passing null to parameter #1 ($string) of type string is deprecated in /home/nowydwor/public_html/hotelnowydwor.eu-new/wp-includes/class-wpdb.php on line 1792
[16-Dec-2025 01:31:47 UTC] PHP Warning:  preg_replace(): Compilation failed: unrecognized character after (? or (?- at offset 10 in /home/nowydwor/public_html/hotelnowydwor.eu-new/wp-content/mu-plugins/oxygen-image-alt-fix.php on line 173
[16-Dec-2025 01:31:47 UTC] PHP Deprecated:  addcslashes(): Passing null to parameter #1 ($string) of type string is deprecated in /home/nowydwor/public_html/hotelnowydwor.eu-new/wp-includes/class-wpdb.php on line 1792
[16-Dec-2025 01:31:47 UTC] PHP Warning:  preg_replace(): Compilation failed: unrecognized character after (? or (?- at offset 10 in /home/nowydwor/public_html/hotelnowydwor.eu-new/wp-content/mu-plugins/oxygen-image-alt-fix.php on line 173
[16-Dec-2025 01:31:47 UTC] PHP Deprecated:  addcslashes(): Passing null to parameter #1 ($string) of type string is deprecated in /home/nowydwor/public_html/hotelnowydwor.eu-new/wp-includes/class-wpdb.php on line 1792
[16-Dec-2025 01:31:47 UTC] PHP Warning:  preg_replace(): Compilation failed: unrecognized character after (? or (?- at offset 10 in /home/nowydwor/public_html/hotelnowydwor.eu-new/wp-content/mu-plugins/oxygen-image-alt-fix.php on line 173
[16-Dec-2025 01:31:47 UTC] PHP Deprecated:  addcslashes(): Passing null to parameter #1 ($string) of type string is deprecated in /home/nowydwor/public_html/hotelnowydwor.eu-new/wp-includes/class-wpdb.php on line 1792
[16-Dec-2025 01:31:47 UTC] PHP Warning:  preg_replace(): Compilation failed: unrecognized character after (? or (?- at offset 10 in /home/nowydwor/public_html/hotelnowydwor.eu-new/wp-content/mu-plugins/oxygen-image-alt-fix.php on line 173
[16-Dec-2025 01:31:47 UTC] PHP Deprecated:  addcslashes(): Passing null to parameter #1 ($string) of type string is deprecated in /home/nowydwor/public_html/hotelnowydwor.eu-new/wp-includes/class-wpdb.php on line 1792
[16-Dec-2025 01:31:47 UTC] PHP Warning:  preg_replace(): Compilation failed: unrecognized character after (? or (?- at offset 10 in /home/nowydwor/public_html/hotelnowydwor.eu-new/wp-content/mu-plugins/oxygen-image-alt-fix.php on line 173
[16-Dec-2025 01:31:47 UTC] PHP Deprecated:  addcslashes(): Passing null to parameter #1 ($string) of type string is deprecated in /home/nowydwor/public_html/hotelnowydwor.eu-new/wp-includes/class-wpdb.php on line 1792
[16-Dec-2025 01:31:47 UTC] PHP Warning:  preg_replace(): Compilation failed: unrecognized character after (? or (?- at offset 10 in /home/nowydwor/public_html/hotelnowydwor.eu-new/wp-content/mu-plugins/oxygen-image-alt-fix.php on line 173
[16-Dec-2025 01:31:47 UTC] PHP Deprecated:  addcslashes(): Passing null to parameter #1 ($string) of type string is deprecated in /home/nowydwor/public_html/hotelnowydwor.eu-new/wp-includes/class-wpdb.php on line 1792
[16-Dec-2025 01:31:47 UTC] PHP Warning:  preg_replace(): Compilation failed: unrecognized character after (? or (?- at offset 10 in /home/nowydwor/public_html/hotelnowydwor.eu-new/wp-content/mu-plugins/oxygen-image-alt-fix.php on line 173
[16-Dec-2025 01:31:47 UTC] PHP Deprecated:  addcslashes(): Passing null to parameter #1 ($string) of type string is deprecated in /home/nowydwor/public_html/hotelnowydwor.eu-new/wp-includes/class-wpdb.php on line 1792
[16-Dec-2025 01:31:47 UTC] PHP Warning:  preg_replace(): Compilation failed: unrecognized character after (? or (?- at offset 10 in /home/nowydwor/public_html/hotelnowydwor.eu-new/wp-content/mu-plugins/oxygen-image-alt-fix.php on line 173
[16-Dec-2025 01:31:47 UTC] PHP Deprecated:  addcslashes(): Passing null to parameter #1 ($string) of type string is deprecated in /home/nowydwor/public_html/hotelnowydwor.eu-new/wp-includes/class-wpdb.php on line 1792
[16-Dec-2025 01:31:47 UTC] PHP Warning:  preg_replace(): Compilation failed: unrecognized character after (? or (?- at offset 10 in /home/nowydwor/public_html/hotelnowydwor.eu-new/wp-content/mu-plugins/oxygen-image-alt-fix.php on line 173
[16-Dec-2025 01:31:47 UTC] PHP Deprecated:  addcslashes(): Passing null to parameter #1 ($string) of type string is deprecated in /home/nowydwor/public_html/hotelnowydwor.eu-new/wp-includes/class-wpdb.php on line 1792
[16-Dec-2025 01:31:47 UTC] PHP Warning:  preg_replace(): Compilation failed: unrecognized character after (? or (?- at offset 10 in /home/nowydwor/public_html/hotelnowydwor.eu-new/wp-content/mu-plugins/oxygen-image-alt-fix.php on line 173
[16-Dec-2025 01:31:47 UTC] PHP Deprecated:  addcslashes(): Passing null to parameter #1 ($string) of type string is deprecated in /home/nowydwor/public_html/hotelnowydwor.eu-new/wp-includes/class-wpdb.php on line 1792
[16-Dec-2025 01:33:10 UTC] PHP Deprecated:  Freemius::maybe_activate_bundle_license(): Implicitly marking parameter $license as nullable is deprecated, the explicit nullable type must be used instead in /home/nowydwor/public_html/hotelnowydwor.eu-new/wp-content/plugins/erropix-hydrogen-pack/vendor/freemius/wordpress-sdk/includes/class-freemius.php on line 8038
[16-Dec-2025 01:33:10 UTC] PHP Deprecated:  Freemius::set_license(): Implicitly marking parameter $license as nullable is deprecated, the explicit nullable type must be used instead in /home/nowydwor/public_html/hotelnowydwor.eu-new/wp-content/plugins/erropix-hydrogen-pack/vendor/freemius/wordpress-sdk/includes/class-freemius.php on line 12666
[16-Dec-2025 01:33:10 UTC] PHP Deprecated:  Freemius::switch_to_blog(): Implicitly marking parameter $install as nullable is deprecated, the explicit nullable type must be used instead in /home/nowydwor/public_html/hotelnowydwor.eu-new/wp-content/plugins/erropix-hydrogen-pack/vendor/freemius/wordpress-sdk/includes/class-freemius.php on line 15873
[16-Dec-2025 01:33:10 UTC] PHP Deprecated:  Freemius::_activate_addon_account(): Implicitly marking parameter $bundle_license as nullable is deprecated, the explicit nullable type must be used instead in /home/nowydwor/public_html/hotelnowydwor.eu-new/wp-content/plugins/erropix-hydrogen-pack/vendor/freemius/wordpress-sdk/includes/class-freemius.php on line 18345
[16-Dec-2025 01:33:10 UTC] PHP Deprecated:  Freemius::_store_site(): Implicitly marking parameter $site as nullable is deprecated, the explicit nullable type must be used instead in /home/nowydwor/public_html/hotelnowydwor.eu-new/wp-content/plugins/erropix-hydrogen-pack/vendor/freemius/wordpress-sdk/includes/class-freemius.php on line 19903
[16-Dec-2025 01:34:10 UTC] PHP Deprecated:  Freemius::maybe_activate_bundle_license(): Implicitly marking parameter $license as nullable is deprecated, the explicit nullable type must be used instead in /home/nowydwor/public_html/hotelnowydwor.eu-new/wp-content/plugins/erropix-hydrogen-pack/vendor/freemius/wordpress-sdk/includes/class-freemius.php on line 8038
[16-Dec-2025 01:34:10 UTC] PHP Deprecated:  Freemius::set_license(): Implicitly marking parameter $license as nullable is deprecated, the explicit nullable type must be used instead in /home/nowydwor/public_html/hotelnowydwor.eu-new/wp-content/plugins/erropix-hydrogen-pack/vendor/freemius/wordpress-sdk/includes/class-freemius.php on line 12666
[16-Dec-2025 01:34:10 UTC] PHP Deprecated:  Freemius::switch_to_blog(): Implicitly marking parameter $install as nullable is deprecated, the explicit nullable type must be used instead in /home/nowydwor/public_html/hotelnowydwor.eu-new/wp-content/plugins/erropix-hydrogen-pack/vendor/freemius/wordpress-sdk/includes/class-freemius.php on line 15873
[16-Dec-2025 01:34:10 UTC] PHP Deprecated:  Freemius::_activate_addon_account(): Implicitly marking parameter $bundle_license as nullable is deprecated, the explicit nullable type must be used instead in /home/nowydwor/public_html/hotelnowydwor.eu-new/wp-content/plugins/erropix-hydrogen-pack/vendor/freemius/wordpress-sdk/includes/class-freemius.php on line 18345
[16-Dec-2025 01:34:10 UTC] PHP Deprecated:  Freemius::_store_site(): Implicitly marking parameter $site as nullable is deprecated, the explicit nullable type must be used instead in /home/nowydwor/public_html/hotelnowydwor.eu-new/wp-content/plugins/erropix-hydrogen-pack/vendor/freemius/wordpress-sdk/includes/class-freemius.php on line 19903
[16-Dec-2025 01:35:18 UTC] PHP Deprecated:  Freemius::maybe_activate_bundle_license(): Implicitly marking parameter $license as nullable is deprecated, the explicit nullable type must be used instead in /home/nowydwor/public_html/hotelnowydwor.eu-new/wp-content/plugins/erropix-hydrogen-pack/vendor/freemius/wordpress-sdk/includes/class-freemius.php on line 8038
[16-Dec-2025 01:35:18 UTC] PHP Deprecated:  Freemius::set_license(): Implicitly marking parameter $license as nullable is deprecated, the explicit nullable type must be used instead in /home/nowydwor/public_html/hotelnowydwor.eu-new/wp-content/plugins/erropix-hydrogen-pack/vendor/freemius/wordpress-sdk/includes/class-freemius.php on line 12666
[16-Dec-2025 01:35:18 UTC] PHP Deprecated:  Freemius::switch_to_blog(): Implicitly marking parameter $install as nullable is deprecated, the explicit nullable type must be used instead in /home/nowydwor/public_html/hotelnowydwor.eu-new/wp-content/plugins/erropix-hydrogen-pack/vendor/freemius/wordpress-sdk/includes/class-freemius.php on line 15873
[16-Dec-2025 01:35:18 UTC] PHP Deprecated:  Freemius::_activate_addon_account(): Implicitly marking parameter $bundle_license as nullable is deprecated, the explicit nullable type must be used instead in /home/nowydwor/public_html/hotelnowydwor.eu-new/wp-content/plugins/erropix-hydrogen-pack/vendor/freemius/wordpress-sdk/includes/class-freemius.php on line 18345
[16-Dec-2025 01:35:18 UTC] PHP Deprecated:  Freemius::_store_site(): Implicitly marking parameter $site as nullable is deprecated, the explicit nullable type must be used instead in /home/nowydwor/public_html/hotelnowydwor.eu-new/wp-content/plugins/erropix-hydrogen-pack/vendor/freemius/wordpress-sdk/includes/class-freemius.php on line 19903
[16-Dec-2025 01:36:18 UTC] PHP Deprecated:  Freemius::maybe_activate_bundle_license(): Implicitly marking parameter $license as nullable is deprecated, the explicit nullable type must be used instead in /home/nowydwor/public_html/hotelnowydwor.eu-new/wp-content/plugins/erropix-hydrogen-pack/vendor/freemius/wordpress-sdk/includes/class-freemius.php on line 8038
[16-Dec-2025 01:36:18 UTC] PHP Deprecated:  Freemius::set_license(): Implicitly marking parameter $license as nullable is deprecated, the explicit nullable type must be used instead in /home/nowydwor/public_html/hotelnowydwor.eu-new/wp-content/plugins/erropix-hydrogen-pack/vendor/freemius/wordpress-sdk/includes/class-freemius.php on line 12666
[16-Dec-2025 01:36:18 UTC] PHP Deprecated:  Freemius::switch_to_blog(): Implicitly marking parameter $install as nullable is deprecated, the explicit nullable type must be used instead in /home/nowydwor/public_html/hotelnowydwor.eu-new/wp-content/plugins/erropix-hydrogen-pack/vendor/freemius/wordpress-sdk/includes/class-freemius.php on line 15873
[16-Dec-2025 01:36:18 UTC] PHP Deprecated:  Freemius::_activate_addon_account(): Implicitly marking parameter $bundle_license as nullable is deprecated, the explicit nullable type must be used instead in /home/nowydwor/public_html/hotelnowydwor.eu-new/wp-content/plugins/erropix-hydrogen-pack/vendor/freemius/wordpress-sdk/includes/class-freemius.php on line 18345
[16-Dec-2025 01:36:18 UTC] PHP Deprecated:  Freemius::_store_site(): Implicitly marking parameter $site as nullable is deprecated, the explicit nullable type must be used instead in /home/nowydwor/public_html/hotelnowydwor.eu-new/wp-content/plugins/erropix-hydrogen-pack/vendor/freemius/wordpress-sdk/includes/class-freemius.php on line 19903
[16-Dec-2025 01:37:19 UTC] PHP Deprecated:  Freemius::maybe_activate_bundle_license(): Implicitly marking parameter $license as nullable is deprecated, the explicit nullable type must be used instead in /home/nowydwor/public_html/hotelnowydwor.eu-new/wp-content/plugins/erropix-hydrogen-pack/vendor/freemius/wordpress-sdk/includes/class-freemius.php on line 8038
[16-Dec-2025 01:37:19 UTC] PHP Deprecated:  Freemius::set_license(): Implicitly marking parameter $license as nullable is deprecated, the explicit nullable type must be used instead in /home/nowydwor/public_html/hotelnowydwor.eu-new/wp-content/plugins/erropix-hydrogen-pack/vendor/freemius/wordpress-sdk/includes/class-freemius.php on line 12666
[16-Dec-2025 01:37:19 UTC] PHP Deprecated:  Freemius::switch_to_blog(): Implicitly marking parameter $install as nullable is deprecated, the explicit nullable type must be used instead in /home/nowydwor/public_html/hotelnowydwor.eu-new/wp-content/plugins/erropix-hydrogen-pack/vendor/freemius/wordpress-sdk/includes/class-freemius.php on line 15873
[16-Dec-2025 01:37:19 UTC] PHP Deprecated:  Freemius::_activate_addon_account(): Implicitly marking parameter $bundle_license as nullable is deprecated, the explicit nullable type must be used instead in /home/nowydwor/public_html/hotelnowydwor.eu-new/wp-content/plugins/erropix-hydrogen-pack/vendor/freemius/wordpress-sdk/includes/class-freemius.php on line 18345
[16-Dec-2025 01:37:19 UTC] PHP Deprecated:  Freemius::_store_site(): Implicitly marking parameter $site as nullable is deprecated, the explicit nullable type must be used instead in /home/nowydwor/public_html/hotelnowydwor.eu-new/wp-content/plugins/erropix-hydrogen-pack/vendor/freemius/wordpress-sdk/includes/class-freemius.php on line 19903
